/Users/kamil_dl/Documents/GitHub/nuvari-sales-map/tools/taiwan-bikeshop-crawler/.venv/lib/python3.9/site-packages/urllib3/__init__.py:35: NotOpenSSLWarning: urllib3 v2 only supports OpenSSL 1.1.1+, currently the 'ssl' module is compiled with 'LibreSSL 2.8.3'. See: https://github.com/urllib3/urllib3/issues/3020
  warnings.warn(
[1/367] 台東縣成功鎮: crawling...
[2/367] 屏東縣佳冬鄉: crawling...
[3/367] 雲林縣麥寮鄉: crawling...
[4/367] 台東縣綠島鄉: crawling...
[5/367] 台東縣蘭嶼鄉: crawling...
[6/367] 彰化縣田中鎮: crawling...
[7/367] 彰化縣社頭鄉: crawling...
[8/367] 屏東縣竹田鄉: crawling...
[9/367] 屏東縣萬丹鄉: crawling...
[10/367] 苗栗縣三灣鄉: crawling...
[11/367] 新竹縣峨眉鄉: crawling...
[12/367] 苗栗縣南庄鄉: crawling...
[13/367] 嘉義縣太保市: crawling...
[14/367] 嘉義縣中埔鄉: crawling...
[15/367] 嘉義縣番路鄉: crawling...
[16/367] 嘉義縣水上鄉: crawling...
[17/367] 彰化縣員林市: crawling...
[18/367] 高雄市小港區: crawling...
[19/367] 宜蘭縣蘇澳鎮: crawling...
[20/367] 宜蘭縣五結鄉: crawling...
[21/367] 宜蘭縣宜蘭市: crawling...
[22/367] 宜蘭縣壯圍鄉: crawling...
[23/367] 連江縣南竿鄉: crawling...
[24/367] 連江縣莒光鄉: crawling...
[25/367] 金門縣金寧鄉: crawling...
[26/367] 宜蘭縣羅東鎮: crawling...
[27/367] 宜蘭縣員山鄉: crawling...
[28/367] 宜蘭縣冬山鄉: crawling...
[29/367] 宜蘭縣三星鄉: crawling...
[30/367] 宜蘭縣大同鄉: crawling...
[31/367] 新竹縣竹東鎮: crawling...
[32/367] 新竹縣新埔鎮: crawling...
[33/367] 新竹縣關西鎮: crawling...
[34/367] 新竹縣湖口鄉: crawling...
[35/367] 新竹縣芎林鄉: crawling...
[36/367] 新竹縣橫山鄉: crawling...
[37/367] 新竹縣北埔鄉: crawling...
[38/367] 新竹縣尖石鄉: crawling...
[39/367] 新竹縣五峰鄉: crawling...
[40/367] 台中市龍井區: crawling...
[41/367] 台中市大雅區: crawling...
[42/367] 台中市沙鹿區: crawling...
[43/367] 台中市梧棲區: crawling...
[44/367] 澎湖縣湖西鄉: crawling...
[45/367] 苗栗縣苗栗市: crawling...
[46/367] 苗栗縣卓蘭鎮: crawling...
[47/367] 苗栗縣大湖鄉: crawling...
[48/367] 苗栗縣公館鄉: crawling...
[49/367] 苗栗縣銅鑼鄉: crawling...
[50/367] 苗栗縣頭屋鄉: crawling...
[51/367] 苗栗縣三義鄉: crawling...
[52/367] 苗栗縣西湖鄉: crawling...
[53/367] 苗栗縣造橋鄉: crawling...
[54/367] 苗栗縣獅潭鄉: crawling...
[55/367] 苗栗縣泰安鄉: crawling...
[56/367] 彰化縣彰化市: crawling...
[57/367] 彰化縣和美鎮: crawling...
[58/367] 彰化縣線西鄉: crawling...
[59/367] 彰化縣伸港鄉: crawling...
[60/367] 彰化縣秀水鄉: crawling...
[61/367] 彰化縣花壇鄉: crawling...
[62/367] 彰化縣芬園鄉: crawling...
[63/367] 彰化縣溪湖鎮: crawling...
[64/367] 嘉義縣東石鄉: crawling...
[65/367] 彰化縣大村鄉: crawling...
[66/367] 彰化縣埔鹽鄉: crawling...
[67/367] 彰化縣埔心鄉: crawling...
[68/367] 彰化縣永靖鄉: crawling...
[69/367] 彰化縣二水鄉: crawling...
[70/367] 彰化縣二林鎮: crawling...
[71/367] 彰化縣埤頭鄉: crawling...
[72/367] 彰化縣芳苑鄉: crawling...
[73/367] 彰化縣大城鄉: crawling...
[74/367] 彰化縣竹塘鄉: crawling...
[75/367] 彰化縣溪州鄉: crawling...
[76/367] 南投縣南投市: crawling...
[77/367] 南投縣埔里鎮: crawling...
[78/367] 南投縣草屯鎮: crawling...
[79/367] 南投縣竹山鎮: crawling...
[80/367] 南投縣集集鎮: crawling...
[81/367] 南投縣名間鄉: crawling...
[82/367] 南投縣鹿谷鄉: crawling...
[83/367] 南投縣中寮鄉: crawling...
[84/367] 南投縣魚池鄉: crawling...
[85/367] 南投縣國姓鄉: crawling...
[86/367] 南投縣水里鄉: crawling...
[87/367] 南投縣信義鄉: crawling...
[88/367] 南投縣仁愛鄉: crawling...
[89/367] 雲林縣斗六市: crawling...
[90/367] 雲林縣斗南鎮: crawling...
[91/367] 雲林縣虎尾鎮: crawling...
[92/367] 雲林縣西螺鎮: crawling...
[93/367] 雲林縣土庫鎮: crawling...
[94/367] 雲林縣北港鎮: crawling...
[95/367] 雲林縣古坑鄉: crawling...
[96/367] 雲林縣大埤鄉: crawling...
[97/367] 雲林縣莿桐鄉: crawling...
[98/367] 雲林縣林內鄉: crawling...
[99/367] 雲林縣二崙鄉: crawling...
[100/367] 雲林縣崙背鄉: crawling...
[101/367] 雲林縣東勢鄉: crawling...
[102/367] 雲林縣褒忠鄉: crawling...
[103/367] 雲林縣元長鄉: crawling...
[104/367] 雲林縣水林鄉: crawling...
[105/367] 嘉義縣朴子市: crawling...
[106/367] 嘉義縣大林鎮: crawling...
[107/367] 嘉義縣民雄鄉: crawling...
[108/367] 嘉義縣溪口鄉: crawling...
[109/367] 嘉義縣新港鄉: crawling...
[110/367] 嘉義縣六腳鄉: crawling...
[111/367] 嘉義縣義竹鄉: crawling...
[112/367] 嘉義縣鹿草鄉: crawling...
[113/367] 嘉義縣竹崎鄉: crawling...
[114/367] 嘉義縣梅山鄉: crawling...
[115/367] 嘉義縣大埔鄉: crawling...
[116/367] 嘉義縣阿里山鄉: crawling...
[117/367] 屏東縣屏東市: crawling...
[118/367] 屏東縣潮州鎮: crawling...
[119/367] 屏東縣長治鄉: crawling...
[120/367] 屏東縣麟洛鄉: crawling...
[121/367] 屏東縣九如鄉: crawling...
[122/367] 屏東縣里港鄉: crawling...
[123/367] 屏東縣鹽埔鄉: crawling...
[124/367] 屏東縣高樹鄉: crawling...
[125/367] 屏東縣萬巒鄉: crawling...
[126/367] 屏東縣內埔鄉: crawling...
[127/367] 屏東縣新埤鄉: crawling...
[128/367] 屏東縣崁頂鄉: crawling...
[129/367] 屏東縣南州鄉: crawling...
[130/367] 屏東縣琉球鄉: crawling...
[131/367] 屏東縣三地門鄉: crawling...
[132/367] 屏東縣霧臺鄉: crawling...
[133/367] 屏東縣瑪家鄉: crawling...
[134/367] 屏東縣泰武鄉: crawling...
[135/367] 屏東縣來義鄉: crawling...
[136/367] 屏東縣春日鄉: crawling...
[137/367] 屏東縣獅子鄉: crawling...
[138/367] 台東縣鹿野鄉: crawling...
[139/367] 台東縣池上鄉: crawling...
[140/367] 台東縣延平鄉: crawling...
[141/367] 花蓮縣光復鄉: crawling...
[142/367] 花蓮縣瑞穗鄉: crawling...
[143/367] 花蓮縣富里鄉: crawling...
[144/367] 澎湖縣馬公市: crawling...
[145/367] 澎湖縣白沙鄉: crawling...
[146/367] 澎湖縣西嶼鄉: crawling...
[147/367] 澎湖縣望安鄉: crawling...
[148/367] 澎湖縣七美鄉: crawling...
[149/367] 基隆市暖暖區: crawling...
[150/367] 台北市大安區: crawling...
[151/367] 台北市文山區: crawling...
[152/367] 高雄市鹽埕區: crawling...
[153/367] 高雄市新興區: crawling...
[154/367] 高雄市前金區: crawling...
[155/367] 高雄市前鎮區: crawling...
[156/367] 宜蘭縣頭城鎮: crawling...
[157/367] 宜蘭縣南澳鄉: crawling...
[158/367] 新竹縣竹北市: crawling...
[159/367] 新竹縣新豐鄉: crawling...
[160/367] 苗栗縣苑裡鎮: crawling...
[161/367] 苗栗縣通霄鎮: crawling...
[162/367] 苗栗縣竹南鎮: crawling...
[163/367] 苗栗縣後龍鎮: crawling...
[164/367] 彰化縣鹿港鎮: crawling...
[165/367] 彰化縣福興鄉: crawling...
[166/367] 雲林縣臺西鄉: crawling...
[167/367] 雲林縣四湖鄉: crawling...
[168/367] 雲林縣口湖鄉: crawling...
[169/367] 嘉義縣布袋鎮: crawling...
[170/367] 屏東縣東港鎮: crawling...
[171/367] 屏東縣枋寮鄉: crawling...
[172/367] 屏東縣新園鄉: crawling...
[173/367] 屏東縣林邊鄉: crawling...
[174/367] 屏東縣車城鄉: crawling...
[175/367] 屏東縣滿州鄉: crawling...
[176/367] 屏東縣枋山鄉: crawling...
[177/367] 屏東縣牡丹鄉: crawling...
[178/367] 台東縣臺東市: crawling...
[179/367] 台東縣卑南鄉: crawling...
[180/367] 台東縣東河鄉: crawling...
[181/367] 花蓮縣吉安鄉: crawling...
[182/367] 花蓮縣壽豐鄉: crawling...
[183/367] 花蓮縣秀林鄉: crawling...
[184/367] 高雄市楠梓區: crawling...
[185/367] 高雄市鳳山區: crawling...
[186/367] 高雄市大寮區: crawling...
[187/367] 高雄市大樹區: crawling...
[188/367] 高雄市大社區: crawling...
[189/367] 高雄市仁武區: crawling...
[190/367] 高雄市鳥松區: crawling...
[191/367] 高雄市岡山區: crawling...
[192/367] 高雄市橋頭區: crawling...
[193/367] 高雄市燕巢區: crawling...
[194/367] 高雄市田寮區: crawling...
[195/367] 高雄市阿蓮區: crawling...
[196/367] 高雄市路竹區: crawling...
[197/367] 高雄市湖內區: crawling...
[198/367] 高雄市旗山區: crawling...
[199/367] 高雄市美濃區: crawling...
[200/367] 高雄市六龜區: crawling...
[201/367] 高雄市甲仙區: crawling...
[202/367] 高雄市杉林區: crawling...
[203/367] 高雄市內門區: crawling...
[204/367] 高雄市茂林區: crawling...
[205/367] 高雄市桃源區: crawling...
[206/367] 高雄市那瑪夏區: crawling...
[207/367] 新北市永和區: crawling...
[208/367] 新北市新店區: crawling...
[209/367] 新北市土城區: crawling...
[210/367] 新北市蘆洲區: crawling...
[211/367] 新北市五股區: crawling...
[212/367] 新北市坪林區: crawling...
[213/367] 新北市平溪區: crawling...
[214/367] 新北市烏來區: crawling...
[215/367] 台中市豐原區: crawling...
[216/367] 台中市東勢區: crawling...
[217/367] 台中市后里區: crawling...
[218/367] 台中市神岡區: crawling...
[219/367] 台中市新社區: crawling...
[220/367] 台中市石岡區: crawling...
[221/367] 台中市外埔區: crawling...
[222/367] 台中市大肚區: crawling...
[223/367] 台中市和平區: crawling...
[224/367] 台南市新營區: crawling...
[225/367] 台南市鹽水區: crawling...
[226/367] 台南市白河區: crawling...
[227/367] 台南市後壁區: crawling...
[228/367] 台南市麻豆區: crawling...
[229/367] 台南市下營區: crawling...
[230/367] 台南市六甲區: crawling...
[231/367] 台南市官田區: crawling...
[232/367] 台南市大內區: crawling...
[233/367] 台南市佳里區: crawling...
[234/367] 台南市學甲區: crawling...
[235/367] 台南市西港區: crawling...
[236/367] 台南市新化區: crawling...
[237/367] 台南市新市區: crawling...
[238/367] 台南市安定區: crawling...
[239/367] 台南市玉井區: crawling...
[240/367] 台南市楠西區: crawling...
[241/367] 台南市南化區: crawling...
[242/367] 台南市左鎮區: crawling...
[243/367] 台南市仁德區: crawling...
[244/367] 台南市歸仁區: crawling...
[245/367] 台南市關廟區: crawling...
[246/367] 台南市龍崎區: crawling...
[247/367] 台南市永康區: crawling...
[248/367] 台南市北區: crawling...
[249/367] 高雄市林園區: crawling...
[250/367] 高雄市茄萣區: crawling...
[251/367] 高雄市永安區: crawling...
[252/367] 高雄市彌陀區: crawling...
[253/367] 高雄市梓官區: crawling...
[254/367] 新北市淡水區: crawling...
[255/367] 新北市瑞芳區: crawling...
[256/367] 新北市林口區: crawling...
[257/367] 新北市三芝區: crawling...
[258/367] 新北市八里區: crawling...
[259/367] 台中市大甲區: crawling...
[260/367] 台中市大安區: crawling...
[261/367] 台南市北門區: crawling...
[262/367] 台南市安南區: crawling...
[263/367] 桃園市蘆竹區: crawling...
[264/367] 桃園市龜山區: crawling...
[265/367] 桃園市復興區: crawling...
[266/367] 嘉義市東區: crawling...
[267/367] 嘉義市西區: crawling...
[268/367] 台東縣達仁鄉: crawling...
[269/367] 台東縣大武鄉: crawling...
[270/367] 台東縣關山鎮: crawling...
[271/367] 台東縣海端鄉: crawling...
[272/367] 新竹市北區: crawling...
[273/367] 新竹市香山區: crawling...
[274/367] 宜蘭縣礁溪鄉: crawling...
[275/367] 花蓮縣玉里鎮: crawling...
[276/367] 花蓮縣卓溪鄉: crawling...
[277/367] 苗栗縣頭份市: crawling...
[278/367] 台中市清水區: crawling...
[279/367] 台南市南區: crawling...
[280/367] 台南市東區: crawling...
[281/367] 台南市安平區: crawling...
[282/367] 台南市中西區: crawling...
[283/367] 桃園市大溪區: crawling...
[284/367] 桃園市八德區: crawling...
[285/367] 桃園市桃園區: crawling...
[286/367] 桃園市大園區: crawling...
[287/367] 桃園市楊梅區: crawling...
[288/367] 基隆市七堵區: crawling...
[289/367] 基隆市仁愛區: crawling...
[290/367] 基隆市信義區: crawling...
[291/367] 基隆市中正區: crawling...
[292/367] 基隆市中山區: crawling...
[293/367] 基隆市安樂區: crawling...
[294/367] 新北市三峽區: crawling...
[295/367] 新北市鶯歌區: crawling...
[296/367] 新北市中和區: crawling...
[297/367] 新北市樹林區: crawling...
[298/367] 新北市深坑區: crawling...
[299/367] 新北市板橋區: crawling...
[300/367] 新北市石碇區: crawling...
[301/367] 新北市新莊區: crawling...
[302/367] 新北市泰山區: crawling...
[303/367] 新北市三重區: crawling...
[304/367] 新北市雙溪區: crawling...
[305/367] 新北市貢寮區: crawling...
[306/367] 新北市汐止區: crawling...
[307/367] 新北市萬里區: crawling...
[308/367] 新北市金山區: crawling...
[309/367] 新北市石門區: crawling...
[310/367] 高雄市苓雅區: crawling...
[311/367] 高雄市三民區: crawling...
[312/367] 桃園市新屋區: crawling...
[313/367] 桃園市觀音區: crawling...
[314/367] 連江縣北竿鄉: crawling...
[315/367] 連江縣東引鄉: crawling...
[316/367] 金門縣烈嶼鄉: crawling...
[317/367] 高雄市旗津區: crawling...
[318/367] 台東縣長濱鄉: crawling...
[319/367] 花蓮縣豐濱鄉: crawling...
[320/367] 台中市霧峰區: crawling...
[321/367] 台中市大里區: crawling...
[322/367] 台中市南區: crawling...
[323/367] 台中市烏日區: crawling...
[324/367] 台中市中區: crawling...
[325/367] 台中市西區: crawling...
[326/367] 台中市南屯區: crawling...
[327/367] 台中市北區: crawling...
[328/367] 台中市西屯區: crawling...
[329/367] 台中市北屯區: crawling...
[330/367] 台中市潭子區: crawling...
[331/367] 台北市信義區: crawling...
[332/367] 台北市萬華區: crawling...
[333/367] 台北市中正區: crawling...
[334/367] 台北市南港區: crawling...
[335/367] 台北市松山區: crawling...
[336/367] 台北市大同區: crawling...
[337/367] 台北市中山區: crawling...
[338/367] 台北市內湖區: crawling...
[339/367] 台北市士林區: crawling...
[340/367] 台北市北投區: crawling...
[341/367] 花蓮縣花蓮市: crawling...
[342/367] 花蓮縣新城鄉: crawling...
[343/367] 台南市善化區: crawling...
[344/367] 台南市山上區: crawling...
[345/367] 彰化縣北斗鎮: crawling...
[346/367] 彰化縣田尾鄉: crawling...
[347/367] 金門縣金城鎮: crawling...
[348/367] 金門縣金沙鎮: crawling...
[349/367] 金門縣金湖鎮: crawling...
[350/367] 台南市柳營區: crawling...
[351/367] 台南市東山區: crawling...
[352/367] 台南市七股區: crawling...
[353/367] 台南市將軍區: crawling...
[354/367] 高雄市鼓山區: crawling...
[355/367] 高雄市左營區: crawling...
[356/367] 台東縣金峰鄉: crawling...
[357/367] 台東縣太麻里鄉: crawling...
[358/367] 桃園市中壢區: crawling...
[359/367] 新竹市東區: crawling...
[360/367] 新竹縣寶山鄉: crawling...
[361/367] 屏東縣恆春鎮: crawling...
[362/367] 台中市東區: crawling...
[363/367] 台中市太平區: crawling...
[364/367] 花蓮縣萬榮鄉: crawling...
[365/367] 花蓮縣鳳林鎮: crawling...
[366/367] 桃園市平鎮區: crawling...
[367/367] 桃園市龍潭區: crawling...
[1/345] phone lookup: 全國電子 數位家電體驗館 台東館門市
[2/345] phone lookup: 全國電子 台東新生門市
[3/345] phone lookup: 全國電子 Digital City 台東店
[4/345] phone lookup: 全國電子 林邊門市
[5/345] phone lookup: 全國電子 Digital City 屏東店
[6/345] phone lookup: 全國電子 Digital City 東港中正店
[7/345] phone lookup: 全國電子 廣東門市
[8/345] phone lookup: 全國電子 潮州門市
[9/345] phone lookup: 全國電子 屏東民生門市
[10/345] phone lookup: 全國電子 Digital City 屏東信義店
[11/345] phone lookup: 全國電子 廣東二門市
[12/345] phone lookup: 全國電子 內埔門市
[13/345] phone lookup: 全國電子 麥寮門市
[14/345] phone lookup: 全國電子 田中中正門市
[15/345] phone lookup: 全國電子 社頭門市
[16/345] phone lookup: Apple Shop 屏東蘋果原廠店中店｜直營｜全國電子｜學生方案｜教育優惠｜福利品｜舊換新｜Apple｜Mac｜iPhone｜iPad｜Apple Watch 問現貨
[17/345] phone lookup: 全國電子 頭份店
[18/345] phone lookup: 全國電子 頭份中央門市
[19/345] phone lookup: 全國電子 頭份二門市
[20/345] phone lookup: 全國電子 Digital City 竹南店
[21/345] phone lookup: 全國電子芎林門市
[22/345] phone lookup: 全國電子 竹南博愛門市
[23/345] phone lookup: 全國電子 苗栗中正二門市
[24/345] phone lookup: 全國電子 建功門市
[25/345] phone lookup: 全國電子 北苗門市
[26/345] phone lookup: 全國電子 公館門市
[27/345] phone lookup: 全國電子後龍門市
[28/345] phone lookup: 全國電子竹北勝利門市
[29/345] phone lookup: 全國電子 新竹關埔門市
[30/345] phone lookup: 全國電子 牛埔館門市
[31/345] phone lookup: 全國電子 竹東長春門市
[32/345] phone lookup: 全國電子 竹東北興門市
[33/345] phone lookup: 全國電子 Digital City 竹北文興店
[34/345] phone lookup: 全國電子 Digital City 竹北自強店
[35/345] phone lookup: 全國電子 湖口中山門市
[36/345] phone lookup: 全國電子 新竹中正門市
[37/345] phone lookup: 全國電子 Digital City 新竹湖口店
[38/345] phone lookup: 全國電子 竹北店
[39/345] phone lookup: 全國電子 新竹巨城門市
[40/345] phone lookup: 全國電子 新埔門市
[41/345] phone lookup: 全國電子 新竹食品二門市
[42/345] phone lookup: 全國電子 竹北縣政門市
[43/345] phone lookup: 全國電子 經國門市
[44/345] phone lookup: 全國電子 竹北館門市
[45/345] phone lookup: 全國電子 竹北大遠百門市
[46/345] phone lookup: 全國電子 竹北中正東門市
[47/345] phone lookup: 全國電子 新豐門市
[48/345] phone lookup: 全國電子楊梅中山門市
[49/345] phone lookup: 全國電子通宵門市
[50/345] phone lookup: 全國電子 苗栗苑裡門市
[51/345] phone lookup: 全國電子 苗栗通霄門市
[52/345] phone lookup: 全國電子 朴子門市
[53/345] phone lookup: 全國電子 數位家電體驗館-嘉義館門市
[54/345] phone lookup: 全國電子 Digital City-興業西店
[55/345] phone lookup: 全國電子 Digital City 嘉義博愛店
[56/345] phone lookup: 全國電子-民雄門市
[57/345] phone lookup: 全國電子 嘉義忠孝門市
[58/345] phone lookup: 全國電子 北港門市
[59/345] phone lookup: 全國電子 林森門市
[60/345] phone lookup: 全國電子 Digital City 員林店
[61/345] phone lookup: 全國電子 員林莒光門市
[62/345] phone lookup: 全國電子 Digital City 小港店
[63/345] phone lookup: 全國電子 宜蘭蘇澳門市
[64/345] phone lookup: 全國電子 Digital City 宜蘭店
[65/345] phone lookup: 全國電子 羅東店
[66/345] phone lookup: 全國電子 羅東興東門市
[67/345] phone lookup: 全國電子 宜蘭中山門市
[68/345] phone lookup: 全國電子 宜蘭復興門市
[69/345] phone lookup: 全國電子 羅東南門門市
[70/345] phone lookup: 全國電子 宜蘭礁溪門市
[71/345] phone lookup: 全國電子 宜蘭頭城門市
[72/345] phone lookup: 全國電子 金門店
[73/345] phone lookup: 全國電子 Digital City北大特區店
[74/345] phone lookup: 全國電子 鶯歌尖山門市
[75/345] phone lookup: 全國電子 土城門市
[76/345] phone lookup: 全國電子 三峽復興門市
[77/345] phone lookup: 全國電子 大溪二門市
[78/345] phone lookup: 全國電子 Digital City 龍潭店
[79/345] phone lookup: 全國電子 龍潭中正門市
[80/345] phone lookup: 全國電子 楊梅中山北門市
[81/345] phone lookup: 全國電子 埔心永美門市
[82/345] phone lookup: 全國電子 中壢領航北店
[83/345] phone lookup: 全國電子 楊梅大成門市
[84/345] phone lookup: 全國電子 青埔領航店
[85/345] phone lookup: 全國電子 觀音草漯門市
[86/345] phone lookup: 全國電子-龍岡門市
[87/345] phone lookup: 全國電子 新屋門市
[88/345] phone lookup: 全國電子 Digital City 八德店
[89/345] phone lookup: 全國電子 Digital City 環北店
[90/345] phone lookup: 全國電子 天母北門市
[91/345] phone lookup: 全國電子 數位家電體驗館 中豐館門市
[92/345] phone lookup: 全國電子 Digital City 桃園國際店
[93/345] phone lookup: 全國電子 竹林門市
[94/345] phone lookup: 全國電子 基隆義二門市
[95/345] phone lookup: 全國電子 Digital City 土城金城店
[96/345] phone lookup: 全國電子八德興豐門市
[97/345] phone lookup: 全國電子 大湳二門市
[98/345] phone lookup: 全國電子 沙鹿門市
[99/345] phone lookup: 全國電子 大肚門市
[100/345] phone lookup: 全國電子 沙鹿館門市
[101/345] phone lookup: 全國電子 台中區中心
[102/345] phone lookup: 全國電子 梧棲門市
[103/345] phone lookup: 全國電子 Digital City 福科店
[104/345] phone lookup: 全國電子 中科門市
[105/345] phone lookup: 全國電子 清水店
[106/345] phone lookup: 全國電子 嶺東館門市
[107/345] phone lookup: 全國電子Digital City北屯松竹店
[108/345] phone lookup: 全國電子 Digital City-公益店
[109/345] phone lookup: 全國電子 五權西店
[110/345] phone lookup: 全國電子 Digital City 逢甲店
[111/345] phone lookup: 全國電子 文心七期店
[112/345] phone lookup: 全國電子 北屯總站店
[113/345] phone lookup: 全國電子 Digital City 大雅店
[114/345] phone lookup: 全國電子 中清門市
[115/345] phone lookup: 全國電子 黎明門市
[116/345] phone lookup: 全國電子 北屯門市
[117/345] phone lookup: 全國電子 向上門市
[118/345] phone lookup: 全國電子 水湳門市
[119/345] phone lookup: 全國電子 文心秀泰門市
[120/345] phone lookup: 全國電子 大甲店
[121/345] phone lookup: 全國電子 昌平門市
[122/345] phone lookup: 全國電子 育賢館門市
[123/345] phone lookup: 全國電子 烏日門市
[124/345] phone lookup: 全國電子 豐原大道門市
[125/345] phone lookup: 全國電子 國光門市
[126/345] phone lookup: 全國電子 雅環門市
[127/345] phone lookup: 全國電子 Digital City 澎湖店
[128/345] phone lookup: 全國電子 東勢門市
[129/345] phone lookup: 全國電子 后里門市
[130/345] phone lookup: 全國電子-潭子
[131/345] phone lookup: 全國電子 環東門市
[132/345] phone lookup: 全國電子 豐原(二)門市
[133/345] phone lookup: 全國電子 太平(三)門市
[134/345] phone lookup: 全國電子 大里中興二門市
[135/345] phone lookup: 全國電子 潭子店
[136/345] phone lookup: 全國電子 溪湖東環門市
[137/345] phone lookup: 全國電子 彰化中正門市
[138/345] phone lookup: 全國電子 Digital City 金馬店
[139/345] phone lookup: 全國電子 秀水門市
[140/345] phone lookup: 全國電子 和美門市
[141/345] phone lookup: 全國電子 Digital City 和美平安店
[142/345] phone lookup: 全國電子 鹿港(二)門市
[143/345] phone lookup: 全國電子Digital City鹿港鹿和店
[144/345] phone lookup: 全國電子 北斗中山門市
[145/345] phone lookup: 全國電子二林二溪門市
[146/345] phone lookup: 全國電子 霧峰門市
[147/345] phone lookup: 全國電子 草屯中興門市
[148/345] phone lookup: 全國電子 斗南南昌門市
[149/345] phone lookup: 全國電子 成功門市
[150/345] phone lookup: 全國電子 南投民族門市
[151/345] phone lookup: 全國電子 南投(二)門市
[152/345] phone lookup: 全國電子 大里(二)門市
[153/345] phone lookup: 全國電子 Digital City 大里店
[154/345] phone lookup: 全國電子 中興門市
[155/345] phone lookup: 全國電子Digital City 新營三民店
[156/345] phone lookup: 全國電子 西螺門市
[157/345] phone lookup: 全國電子 水里門市
[158/345] phone lookup: 全國電子 竹山門市
[159/345] phone lookup: 全國電子 Digital City 斗六店
[160/345] phone lookup: 全國電子 虎尾林森店
[161/345] phone lookup: 全國電子 虎尾(二)門市
[162/345] phone lookup: 全國電子 斗六館門市
[163/345] phone lookup: 全國電子 斗六漢口門市
[164/345] phone lookup: 全國電子 Digital City 埔里店
[165/345] phone lookup: 全國電子-大林門市
[166/345] phone lookup: 全國電子 新營館門市
[167/345] phone lookup: 全國電子-麻豆店(Digital City)
[168/345] phone lookup: 全國電子 新市門市
[169/345] phone lookup: 全國電子Digital City 楠梓藍田店
[170/345] phone lookup: 全國電子 旗山延平門市
[171/345] phone lookup: 全國電子 Digital City-仁武仁雄店
[172/345] phone lookup: 全國電子澄清店倉庫
[173/345] phone lookup: 全國電子林園門市
[174/345] phone lookup: 全國電子 鳳林門市
[175/345] phone lookup: 全國電子 花蓮中華店
[176/345] phone lookup: 全國電子花蓮中山店
[177/345] phone lookup: 全國電子 花蓮玉里門市
[178/345] phone lookup: 全國電子 花蓮建國門市
[179/345] phone lookup: 全國電子 吉安店
[180/345] phone lookup: 全國電子 基隆七堵門市
[181/345] phone lookup: 全國電子 Digital City 基隆店
[182/345] phone lookup: 全國電子 安樂門市
[183/345] phone lookup: 全國電子 安一門市
[184/345] phone lookup: 全國電子 瑞芳門市
[185/345] phone lookup: 全國電子 和平東門市
[186/345] phone lookup: 全國電子 信義二門市
[187/345] phone lookup: 全國電子 通化門市
[188/345] phone lookup: 全國電子 光復南店
[189/345] phone lookup: 全國電子 樂業門市
[190/345] phone lookup: 全國電子 新生南門市
[191/345] phone lookup: 全國電子 Digital City 和平店
[192/345] phone lookup: 全國電子 南京門市
[193/345] phone lookup: 全國電子 Digital City 南京松江店
[194/345] phone lookup: 全國電子 台北三民門市
[195/345] phone lookup: 全國電子 建國二門市
[196/345] phone lookup: 全國電子 莊敬門市
[197/345] phone lookup: 全國電子 木柵門市
[198/345] phone lookup: 全國電子 木新門市
[199/345] phone lookup: 全國電子 辛亥門市
[200/345] phone lookup: 全國電子Digital City 三民中華店
[201/345] phone lookup: 全國電子 熱河門市
[202/345] phone lookup: 全國電子苓雅店
[203/345] phone lookup: 全國電子 Digital City 民族店
[204/345] phone lookup: 全國電子 青年門市
[205/345] phone lookup: Apple Shop 3.0  全國電子民族館
[206/345] phone lookup: 全國電子 建工二門市
[207/345] phone lookup: 全國電子 前鎮中華門市
[208/345] phone lookup: 全國電子 Digital City 澄清店
[209/345] phone lookup: 全國電子 大昌門市
[210/345] phone lookup: 全國電子 光華門市
[211/345] phone lookup: 全國電子 Digital City 博愛店
[212/345] phone lookup: 全國電子 建國門市
[213/345] phone lookup: 全國電子 左營自由門市
[214/345] phone lookup: 全國電子 Digital City 華夏店
[215/345] phone lookup: 全國電子 華榮門市
[216/345] phone lookup: 全國電子 Digital City 鳳山五甲店
[217/345] phone lookup: 全國電子 Digital City-軍校店
[218/345] phone lookup: 愛加沙發工廠 全國電子民族門市 |台灣沙發工廠 | PTT推薦
[219/345] phone lookup: 全國電子 五甲三門市
[220/345] phone lookup: 全國電子 瑞隆門市
[221/345] phone lookup: 全國電子 鳳山文化門市
[222/345] phone lookup: 全國電子 大社門市
[223/345] phone lookup: 全國電子 仁武門市
[224/345] phone lookup: 全國電子 Digital City 德惠店
[225/345] phone lookup: 全國電子股份有限公司
[226/345] phone lookup: 全國電子 花蓮中正五門市
[227/345] phone lookup: 全國電子 花蓮林森門市
[228/345] phone lookup: 全國電子Digital City-楠梓興楠店
[229/345] phone lookup: 全國電子 鳳松門市
[230/345] phone lookup: 全國電子 岡山大德店
[231/345] phone lookup: 全國電子南區倉儲辦公室
[232/345] phone lookup: 全國電子 岡山門市
[233/345] phone lookup: 全國電子 路竹門市
[234/345] phone lookup: 全國電子 金華二門市
[235/345] phone lookup: 全國電子Digital City 北安店
[236/345] phone lookup: 全國電子 歸仁門市
[237/345] phone lookup: 全國電子 海佃店
[238/345] phone lookup: 全國電子 大灣門市
[239/345] phone lookup: 全國電子 Digital City 永康中華店
[240/345] phone lookup: 全國電子 崇德門市
[241/345] phone lookup: 全國電子 中華西店
[242/345] phone lookup: 全國電子 Digital City 永康南工店
[243/345] phone lookup: 全國電子 安和門市
[244/345] phone lookup: 全國電子 Digital City 文賢店
[245/345] phone lookup: 全國電子 金華門市
[246/345] phone lookup: 全國電子 永康門市
[247/345] phone lookup: 全國電子 Digital City 永華店
[248/345] phone lookup: 全國電子Digital City 善化店
[249/345] phone lookup: 全國電子
[250/345] phone lookup: 全國電子 東寧門市
[251/345] phone lookup: 全國電子 佳里店
[252/345] phone lookup: 全國電子 永和二門市
[253/345] phone lookup: 全國電子 永和館門市
[254/345] phone lookup: 全國電子 得和門市
[255/345] phone lookup: 全國電子 Digital City 中和店
[256/345] phone lookup: 全國電子 景新門市
[257/345] phone lookup: 全國電子 新店中正門市
[258/345] phone lookup: 全國電子 北新三門市
[259/345] phone lookup: 全國電子 新店民權店
[260/345] phone lookup: 全國電子-安康二門
[261/345] phone lookup: 全國電子 新店寶橋門市
[262/345] phone lookup: 全國電子 金城二門市
[263/345] phone lookup: 全國電子 蘆洲三民門市
[264/345] phone lookup: 全國電子-蘆洲長榮門市
[265/345] phone lookup: 全國電子 三和門市
[266/345] phone lookup: 全國電子三重集賢店
[267/345] phone lookup: 全國電子 三重忠孝門市
[268/345] phone lookup: 全國電子-成泰門市
[269/345] phone lookup: 全國電子股份有限公司
[270/345] phone lookup: 全國電子倉庫
[271/345] phone lookup: 全國電子 Digital City 汐止店
[272/345] phone lookup: 全國電子 Digital City 南港店
[273/345] phone lookup: 全國電子 汐止遠雄門市
[274/345] phone lookup: 全國電子 汐止中興門市
[275/345] phone lookup: 全國電子 成福門市
[276/345] phone lookup: 全國電子 士林門市
[277/345] phone lookup: 全國電子 Digital City 新板店
[278/345] phone lookup: 全國電子 樹林秀泰門市
[279/345] phone lookup: 全國電子 中山北門市
[280/345] phone lookup: 全國電子 忠孝二門市
[281/345] phone lookup: 全國電子 新海門市
[282/345] phone lookup: 全國電子 樹林中華門市
[283/345] phone lookup: 全國電子 數位家電體驗館-樹林館門市
[284/345] phone lookup: 全國電子股份有限公司資訊部
[285/345] phone lookup: 全國電子 民權門市
[286/345] phone lookup: 全國電子-中和中山門市
[287/345] phone lookup: 全國電子 北安門市
[288/345] phone lookup: 全國電子 中華二門市
[289/345] phone lookup: 全國電子 板橋忠孝門市
[290/345] phone lookup: 全國電子 民生東門市
[291/345] phone lookup: 全國電子 Digital City 板橋埔墘店
[292/345] phone lookup: 全國電子 板橋雙十門市
[293/345] phone lookup: 全國電子 新莊館門市
[294/345] phone lookup: 全國電子 Digital City 三重集美店
[295/345] phone lookup: 全國電子 內湖文德門市
[296/345] phone lookup: 全國電子
[297/345] phone lookup: 全國電子 重新二門市
[298/345] phone lookup: 全國電子 幸福門市
[299/345] phone lookup: 全國電子 東湖康寧門市
[300/345] phone lookup: 全國電子 民生西門市
[301/345] phone lookup: 全國電子-鶯歌門市
[302/345] phone lookup: 全國電子 民安西店
[303/345] phone lookup: 全國電子 萬大門市
[304/345] phone lookup: 全國電子 鶯歌鶯桃門市
[305/345] phone lookup: 全國電子 東山門市
[306/345] phone lookup: 全國電子 太平樹德門市
[307/345] phone lookup: 全國電子 太平中興門市
[308/345] phone lookup: 全國電子 復興門市
[309/345] phone lookup: 全國電子 新化門市
[310/345] phone lookup: 全國電子 淡水新鎮門市
[311/345] phone lookup: 全國電子 淡水中山門市
[312/345] phone lookup: 全國電子淡水店
[313/345] phone lookup: 全國電子 竹圍門市
[314/345] phone lookup: 全國電子 Digital City 林口店
[315/345] phone lookup: 全國電子 數位家電體驗館-林口館門市
[316/345] phone lookup: 全國電子 林口仁愛門市
[317/345] phone lookup: 全國電子 Digital City 龜山文化門市
[318/345] phone lookup: 全國電子 石牌門市
[319/345] phone lookup: 全國電子 北投一門市
[320/345] phone lookup: 全國電子忠誠門市
[321/345] phone lookup: 全國電子 北投站前門市
[322/345] phone lookup: 全國電子 內湖成功門市
[323/345] phone lookup: 全國電子 三重自強店
[324/345] phone lookup: 全國電子 全興門市
[325/345] phone lookup: 全國電子 後港門市
[326/345] phone lookup: 全國電子股份有限公司企業工會
[327/345] phone lookup: 全國電子 丹鳳門市
[328/345] phone lookup: 全國電子 南崁館
[329/345] phone lookup: 全國電子 蘆竹南崁門市
[330/345] phone lookup: 全國電子 桃園大竹門市
[331/345] phone lookup: 全國電子 中正館門市
[332/345] phone lookup: 全國電子 藝文館門市
[333/345] phone lookup: 全國電子Digital City 桃園三民店
[334/345] phone lookup: 全國電子 桃園中山門市
[335/345] phone lookup: 全國電子 大有門市
[336/345] phone lookup: 全國電子 龜山門市
[337/345] phone lookup: 全國電子 Digital City 環中東店
[338/345] phone lookup: 全國電子 中壢中原門市
[339/345] phone lookup: 全國電子 中壢環北門市
[340/345] phone lookup: 全國電子 內壢二門市
[341/345] phone lookup: 全國電子 環南門市
[342/345] phone lookup: 全國電子 桃園大園二門市
[343/345] phone lookup: 全國電子專屬停車場
[344/345] phone lookup: 全國電子 酒泉門市
[345/345] phone lookup: 全國電子 民生門市
API calls made this run: {'nearby_calls': 0, 'text_calls': 462, 'details_calls': 345}
Wrote 345 locations to /Users/kamil_dl/Documents/GitHub/nuvari-sales-map/tools/taiwan-bikeshop-crawler/output/chain_全國電子.csv
