=== Changhua County ===
/Users/kamil_dl/Documents/GitHub/nuvari-sales-map/tools/taiwan-bikeshop-crawler/.venv/lib/python3.9/site-packages/urllib3/__init__.py:35: NotOpenSSLWarning: urllib3 v2 only supports OpenSSL 1.1.1+, currently the 'ssl' module is compiled with 'LibreSSL 2.8.3'. See: https://github.com/urllib3/urllib3/issues/3020
  warnings.warn(
[9/26] 彰化縣花壇鄉: crawling...
[10/26] 彰化縣芬園鄉: crawling...
[11/26] 彰化縣溪湖鎮: crawling...
[12/26] 彰化縣大村鄉: crawling...
[13/26] 彰化縣埔鹽鄉: crawling...
[14/26] 彰化縣埔心鄉: crawling...
[15/26] 彰化縣永靖鄉: crawling...
[16/26] 彰化縣二水鄉: crawling...
[17/26] 彰化縣二林鎮: crawling...
[18/26] 彰化縣埤頭鄉: crawling...
[19/26] 彰化縣芳苑鄉: crawling...
[20/26] 彰化縣大城鄉: crawling...
[21/26] 彰化縣竹塘鄉: crawling...
[22/26] 彰化縣溪州鄉: crawling...
[23/26] 彰化縣鹿港鎮: crawling...
[24/26] 彰化縣福興鄉: crawling...
[25/26] 彰化縣北斗鎮: crawling...
[26/26] 彰化縣田尾鄉: crawling...
API calls made this run: {'nearby_calls': 18, 'text_calls': 302, 'details_calls': 0}
Wrote 233 shops to /Users/kamil_dl/Documents/GitHub/nuvari-sales-map/tools/taiwan-bikeshop-crawler/output/Changhua_County.csv (1152 filtered out as non-bikeshop primary types)
=== Nantou County ===
/Users/kamil_dl/Documents/GitHub/nuvari-sales-map/tools/taiwan-bikeshop-crawler/.venv/lib/python3.9/site-packages/urllib3/__init__.py:35: NotOpenSSLWarning: urllib3 v2 only supports OpenSSL 1.1.1+, currently the 'ssl' module is compiled with 'LibreSSL 2.8.3'. See: https://github.com/urllib3/urllib3/issues/3020
  warnings.warn(
[1/13] 南投縣南投市: crawling...
[2/13] 南投縣埔里鎮: crawling...
[3/13] 南投縣草屯鎮: crawling...
[4/13] 南投縣竹山鎮: crawling...
[5/13] 南投縣集集鎮: crawling...
[6/13] 南投縣名間鄉: crawling...
[7/13] 南投縣鹿谷鄉: crawling...
[8/13] 南投縣中寮鄉: crawling...
[9/13] 南投縣魚池鄉: crawling...
[10/13] 南投縣國姓鄉: crawling...
[11/13] 南投縣水里鄉: crawling...
[12/13] 南投縣信義鄉: crawling...
[13/13] 南投縣仁愛鄉: crawling...
API calls made this run: {'nearby_calls': 13, 'text_calls': 230, 'details_calls': 0}
Wrote 136 shops to /Users/kamil_dl/Documents/GitHub/nuvari-sales-map/tools/taiwan-bikeshop-crawler/output/Nantou_County.csv (711 filtered out as non-bikeshop primary types)
=== Yunlin County ===
/Users/kamil_dl/Documents/GitHub/nuvari-sales-map/tools/taiwan-bikeshop-crawler/.venv/lib/python3.9/site-packages/urllib3/__init__.py:35: NotOpenSSLWarning: urllib3 v2 only supports OpenSSL 1.1.1+, currently the 'ssl' module is compiled with 'LibreSSL 2.8.3'. See: https://github.com/urllib3/urllib3/issues/3020
  warnings.warn(
[1/20] 雲林縣麥寮鄉: crawling...
[2/20] 雲林縣斗六市: crawling...
[3/20] 雲林縣斗南鎮: crawling...
[4/20] 雲林縣虎尾鎮: crawling...
[5/20] 雲林縣西螺鎮: crawling...
[6/20] 雲林縣土庫鎮: crawling...
[7/20] 雲林縣北港鎮: crawling...
[8/20] 雲林縣古坑鄉: crawling...
[9/20] 雲林縣大埤鄉: crawling...
[10/20] 雲林縣莿桐鄉: crawling...
[11/20] 雲林縣林內鄉: crawling...
[12/20] 雲林縣二崙鄉: crawling...
[13/20] 雲林縣崙背鄉: crawling...
[14/20] 雲林縣東勢鄉: crawling...
[15/20] 雲林縣褒忠鄉: crawling...
[16/20] 雲林縣元長鄉: crawling...
[17/20] 雲林縣水林鄉: crawling...
[18/20] 雲林縣臺西鄉: crawling...
[19/20] 雲林縣四湖鄉: crawling...
[20/20] 雲林縣口湖鄉: crawling...
API calls made this run: {'nearby_calls': 20, 'text_calls': 322, 'details_calls': 0}
Wrote 136 shops to /Users/kamil_dl/Documents/GitHub/nuvari-sales-map/tools/taiwan-bikeshop-crawler/output/Yunlin_County.csv (882 filtered out as non-bikeshop primary types)
=== Tainan City ===
/Users/kamil_dl/Documents/GitHub/nuvari-sales-map/tools/taiwan-bikeshop-crawler/.venv/lib/python3.9/site-packages/urllib3/__init__.py:35: NotOpenSSLWarning: urllib3 v2 only supports OpenSSL 1.1.1+, currently the 'ssl' module is compiled with 'LibreSSL 2.8.3'. See: https://github.com/urllib3/urllib3/issues/3020
  warnings.warn(
[1/37] 台南市新營區: crawling...
[2/37] 台南市鹽水區: crawling...
[3/37] 台南市白河區: crawling...
[4/37] 台南市後壁區: crawling...
[5/37] 台南市麻豆區: crawling...
[6/37] 台南市下營區: crawling...
[7/37] 台南市六甲區: crawling...
[8/37] 台南市官田區: crawling...
[9/37] 台南市大內區: crawling...
[10/37] 台南市佳里區: crawling...
[11/37] 台南市學甲區: crawling...
[12/37] 台南市西港區: crawling...
[13/37] 台南市新化區: crawling...
[14/37] 台南市新市區: crawling...
[15/37] 台南市安定區: crawling...
[16/37] 台南市玉井區: crawling...
[17/37] 台南市楠西區: crawling...
[18/37] 台南市南化區: crawling...
[19/37] 台南市左鎮區: crawling...
[20/37] 台南市仁德區: crawling...
[21/37] 台南市歸仁區: crawling...
[22/37] 台南市關廟區: crawling...
[23/37] 台南市龍崎區: crawling...
[24/37] 台南市永康區: crawling...
[25/37] 台南市北區: crawling...
[26/37] 台南市北門區: crawling...
[27/37] 台南市安南區: crawling...
[28/37] 台南市南區: crawling...
[29/37] 台南市東區: crawling...
[30/37] 台南市安平區: crawling...
[31/37] 台南市中西區: crawling...
[32/37] 台南市善化區: crawling...
[33/37] 台南市山上區: crawling...
[34/37] 台南市柳營區: crawling...
[35/37] 台南市東山區: crawling...
[36/37] 台南市七股區: crawling...
[37/37] 台南市將軍區: crawling...
API calls made this run: {'nearby_calls': 37, 'text_calls': 645, 'details_calls': 0}
Wrote 266 shops to /Users/kamil_dl/Documents/GitHub/nuvari-sales-map/tools/taiwan-bikeshop-crawler/output/Tainan_City.csv (1745 filtered out as non-bikeshop primary types)
=== Kaohsiung City ===
/Users/kamil_dl/Documents/GitHub/nuvari-sales-map/tools/taiwan-bikeshop-crawler/.venv/lib/python3.9/site-packages/urllib3/__init__.py:35: NotOpenSSLWarning: urllib3 v2 only supports OpenSSL 1.1.1+, currently the 'ssl' module is compiled with 'LibreSSL 2.8.3'. See: https://github.com/urllib3/urllib3/issues/3020
  warnings.warn(
[1/38] 高雄市小港區: crawling...
[2/38] 高雄市鹽埕區: crawling...
[3/38] 高雄市新興區: crawling...
[4/38] 高雄市前金區: crawling...
[5/38] 高雄市前鎮區: crawling...
[6/38] 高雄市楠梓區: crawling...
[7/38] 高雄市鳳山區: crawling...
[8/38] 高雄市大寮區: crawling...
[9/38] 高雄市大樹區: crawling...
[10/38] 高雄市大社區: crawling...
[11/38] 高雄市仁武區: crawling...
[12/38] 高雄市鳥松區: crawling...
[13/38] 高雄市岡山區: crawling...
[14/38] 高雄市橋頭區: crawling...
[15/38] 高雄市燕巢區: crawling...
[16/38] 高雄市田寮區: crawling...
[17/38] 高雄市阿蓮區: crawling...
[18/38] 高雄市路竹區: crawling...
[19/38] 高雄市湖內區: crawling...
[20/38] 高雄市旗山區: crawling...
[21/38] 高雄市美濃區: crawling...
[22/38] 高雄市六龜區: crawling...
[23/38] 高雄市甲仙區: crawling...
[24/38] 高雄市杉林區: crawling...
[25/38] 高雄市內門區: crawling...
[26/38] 高雄市茂林區: crawling...
[27/38] 高雄市桃源區: crawling...
[28/38] 高雄市那瑪夏區: crawling...
[29/38] 高雄市林園區: crawling...
[30/38] 高雄市茄萣區: crawling...
[31/38] 高雄市永安區: crawling...
[32/38] 高雄市彌陀區: crawling...
[33/38] 高雄市梓官區: crawling...
[34/38] 高雄市苓雅區: crawling...
[35/38] 高雄市三民區: crawling...
[36/38] 高雄市旗津區: crawling...
[37/38] 高雄市鼓山區: crawling...
[38/38] 高雄市左營區: crawling...
API calls made this run: {'nearby_calls': 38, 'text_calls': 700, 'details_calls': 0}
Wrote 373 shops to /Users/kamil_dl/Documents/GitHub/nuvari-sales-map/tools/taiwan-bikeshop-crawler/output/Kaohsiung_City.csv (2265 filtered out as non-bikeshop primary types)
=== Pingtung County ===
/Users/kamil_dl/Documents/GitHub/nuvari-sales-map/tools/taiwan-bikeshop-crawler/.venv/lib/python3.9/site-packages/urllib3/__init__.py:35: NotOpenSSLWarning: urllib3 v2 only supports OpenSSL 1.1.1+, currently the 'ssl' module is compiled with 'LibreSSL 2.8.3'. See: https://github.com/urllib3/urllib3/issues/3020
  warnings.warn(
[1/33] 屏東縣佳冬鄉: crawling...
[2/33] 屏東縣竹田鄉: crawling...
[3/33] 屏東縣萬丹鄉: crawling...
[4/33] 屏東縣屏東市: crawling...
[5/33] 屏東縣潮州鎮: crawling...
[6/33] 屏東縣長治鄉: crawling...
[7/33] 屏東縣麟洛鄉: crawling...
[8/33] 屏東縣九如鄉: crawling...
[9/33] 屏東縣里港鄉: crawling...
[10/33] 屏東縣鹽埔鄉: crawling...
[11/33] 屏東縣高樹鄉: crawling...
[12/33] 屏東縣萬巒鄉: crawling...
[13/33] 屏東縣內埔鄉: crawling...
[14/33] 屏東縣新埤鄉: crawling...
[15/33] 屏東縣崁頂鄉: crawling...
[16/33] 屏東縣南州鄉: crawling...
[17/33] 屏東縣琉球鄉: crawling...
[18/33] 屏東縣三地門鄉: crawling...
[19/33] 屏東縣霧臺鄉: crawling...
[20/33] 屏東縣瑪家鄉: crawling...
[21/33] 屏東縣泰武鄉: crawling...
[22/33] 屏東縣來義鄉: crawling...
[23/33] 屏東縣春日鄉: crawling...
[24/33] 屏東縣獅子鄉: crawling...
[25/33] 屏東縣東港鎮: crawling...
[26/33] 屏東縣枋寮鄉: crawling...
[27/33] 屏東縣新園鄉: crawling...
[28/33] 屏東縣林邊鄉: crawling...
[29/33] 屏東縣車城鄉: crawling...
[30/33] 屏東縣滿州鄉: crawling...
[31/33] 屏東縣枋山鄉: crawling...
[32/33] 屏東縣牡丹鄉: crawling...
[33/33] 屏東縣恆春鎮: crawling...
API calls made this run: {'nearby_calls': 33, 'text_calls': 531, 'details_calls': 0}
Wrote 119 shops to /Users/kamil_dl/Documents/GitHub/nuvari-sales-map/tools/taiwan-bikeshop-crawler/output/Pingtung_County.csv (1590 filtered out as non-bikeshop primary types)
=== Chiayi City ===
/Users/kamil_dl/Documents/GitHub/nuvari-sales-map/tools/taiwan-bikeshop-crawler/.venv/lib/python3.9/site-packages/urllib3/__init__.py:35: NotOpenSSLWarning: urllib3 v2 only supports OpenSSL 1.1.1+, currently the 'ssl' module is compiled with 'LibreSSL 2.8.3'. See: https://github.com/urllib3/urllib3/issues/3020
  warnings.warn(
[1/2] 嘉義市東區: crawling...
[2/2] 嘉義市西區: crawling...
API calls made this run: {'nearby_calls': 2, 'text_calls': 42, 'details_calls': 0}
Wrote 52 shops to /Users/kamil_dl/Documents/GitHub/nuvari-sales-map/tools/taiwan-bikeshop-crawler/output/Chiayi_City.csv (133 filtered out as non-bikeshop primary types)
=== Chiayi County ===
/Users/kamil_dl/Documents/GitHub/nuvari-sales-map/tools/taiwan-bikeshop-crawler/.venv/lib/python3.9/site-packages/urllib3/__init__.py:35: NotOpenSSLWarning: urllib3 v2 only supports OpenSSL 1.1.1+, currently the 'ssl' module is compiled with 'LibreSSL 2.8.3'. See: https://github.com/urllib3/urllib3/issues/3020
  warnings.warn(
[1/18] 嘉義縣太保市: crawling...
[2/18] 嘉義縣中埔鄉: crawling...
[3/18] 嘉義縣番路鄉: crawling...
[4/18] 嘉義縣水上鄉: crawling...
[5/18] 嘉義縣東石鄉: crawling...
[6/18] 嘉義縣朴子市: crawling...
[7/18] 嘉義縣大林鎮: crawling...
[8/18] 嘉義縣民雄鄉: crawling...
[9/18] 嘉義縣溪口鄉: crawling...
[10/18] 嘉義縣新港鄉: crawling...
[11/18] 嘉義縣六腳鄉: crawling...
[12/18] 嘉義縣義竹鄉: crawling...
[13/18] 嘉義縣鹿草鄉: crawling...
[14/18] 嘉義縣竹崎鄉: crawling...
[15/18] 嘉義縣梅山鄉: crawling...
[16/18] 嘉義縣大埔鄉: crawling...
[17/18] 嘉義縣阿里山鄉: crawling...
[18/18] 嘉義縣布袋鎮: crawling...
API calls made this run: {'nearby_calls': 18, 'text_calls': 255, 'details_calls': 0}
Wrote 128 shops to /Users/kamil_dl/Documents/GitHub/nuvari-sales-map/tools/taiwan-bikeshop-crawler/output/Chiayi_County.csv (858 filtered out as non-bikeshop primary types)
=== Hualien County ===
/Users/kamil_dl/Documents/GitHub/nuvari-sales-map/tools/taiwan-bikeshop-crawler/.venv/lib/python3.9/site-packages/urllib3/__init__.py:35: NotOpenSSLWarning: urllib3 v2 only supports OpenSSL 1.1.1+, currently the 'ssl' module is compiled with 'LibreSSL 2.8.3'. See: https://github.com/urllib3/urllib3/issues/3020
  warnings.warn(
[1/13] 花蓮縣光復鄉: crawling...
[2/13] 花蓮縣瑞穗鄉: crawling...
[3/13] 花蓮縣富里鄉: crawling...
[4/13] 花蓮縣吉安鄉: crawling...
[5/13] 花蓮縣壽豐鄉: crawling...
[6/13] 花蓮縣秀林鄉: crawling...
[7/13] 花蓮縣玉里鎮: crawling...
[8/13] 花蓮縣卓溪鄉: crawling...
[9/13] 花蓮縣豐濱鄉: crawling...
[10/13] 花蓮縣花蓮市: crawling...
[11/13] 花蓮縣新城鄉: crawling...
[12/13] 花蓮縣萬榮鄉: crawling...
[13/13] 花蓮縣鳳林鎮: crawling...
API calls made this run: {'nearby_calls': 13, 'text_calls': 186, 'details_calls': 0}
Wrote 75 shops to /Users/kamil_dl/Documents/GitHub/nuvari-sales-map/tools/taiwan-bikeshop-crawler/output/Hualien_County.csv (598 filtered out as non-bikeshop primary types)
=== Taitung County ===
/Users/kamil_dl/Documents/GitHub/nuvari-sales-map/tools/taiwan-bikeshop-crawler/.venv/lib/python3.9/site-packages/urllib3/__init__.py:35: NotOpenSSLWarning: urllib3 v2 only supports OpenSSL 1.1.1+, currently the 'ssl' module is compiled with 'LibreSSL 2.8.3'. See: https://github.com/urllib3/urllib3/issues/3020
  warnings.warn(
[1/16] 台東縣成功鎮: crawling...
[2/16] 台東縣綠島鄉: crawling...
[3/16] 台東縣蘭嶼鄉: crawling...
[4/16] 台東縣鹿野鄉: crawling...
[5/16] 台東縣池上鄉: crawling...
[6/16] 台東縣延平鄉: crawling...
[7/16] 台東縣臺東市: crawling...
[8/16] 台東縣卑南鄉: crawling...
[9/16] 台東縣東河鄉: crawling...
[10/16] 台東縣達仁鄉: crawling...
[11/16] 台東縣大武鄉: crawling...
[12/16] 台東縣關山鎮: crawling...
[13/16] 台東縣海端鄉: crawling...
[14/16] 台東縣長濱鄉: crawling...
[15/16] 台東縣金峰鄉: crawling...
[16/16] 台東縣太麻里鄉: crawling...
API calls made this run: {'nearby_calls': 16, 'text_calls': 236, 'details_calls': 0}
Wrote 85 shops to /Users/kamil_dl/Documents/GitHub/nuvari-sales-map/tools/taiwan-bikeshop-crawler/output/Taitung_County.csv (794 filtered out as non-bikeshop primary types)
=== Penghu County ===
/Users/kamil_dl/Documents/GitHub/nuvari-sales-map/tools/taiwan-bikeshop-crawler/.venv/lib/python3.9/site-packages/urllib3/__init__.py:35: NotOpenSSLWarning: urllib3 v2 only supports OpenSSL 1.1.1+, currently the 'ssl' module is compiled with 'LibreSSL 2.8.3'. See: https://github.com/urllib3/urllib3/issues/3020
  warnings.warn(
[1/6] 澎湖縣湖西鄉: crawling...
[2/6] 澎湖縣馬公市: crawling...
[3/6] 澎湖縣白沙鄉: crawling...
[4/6] 澎湖縣西嶼鄉: crawling...
[5/6] 澎湖縣望安鄉: crawling...
[6/6] 澎湖縣七美鄉: crawling...
API calls made this run: {'nearby_calls': 6, 'text_calls': 69, 'details_calls': 0}
Wrote 9 shops to /Users/kamil_dl/Documents/GitHub/nuvari-sales-map/tools/taiwan-bikeshop-crawler/output/Penghu_County.csv (262 filtered out as non-bikeshop primary types)
=== Kinmen County ===
/Users/kamil_dl/Documents/GitHub/nuvari-sales-map/tools/taiwan-bikeshop-crawler/.venv/lib/python3.9/site-packages/urllib3/__init__.py:35: NotOpenSSLWarning: urllib3 v2 only supports OpenSSL 1.1.1+, currently the 'ssl' module is compiled with 'LibreSSL 2.8.3'. See: https://github.com/urllib3/urllib3/issues/3020
  warnings.warn(
[1/5] 金門縣金寧鄉: crawling...
[2/5] 金門縣烈嶼鄉: crawling...
[3/5] 金門縣金城鎮: crawling...
[4/5] 金門縣金沙鎮: crawling...
[5/5] 金門縣金湖鎮: crawling...
API calls made this run: {'nearby_calls': 5, 'text_calls': 66, 'details_calls': 0}
Wrote 10 shops to /Users/kamil_dl/Documents/GitHub/nuvari-sales-map/tools/taiwan-bikeshop-crawler/output/Kinmen_County.csv (235 filtered out as non-bikeshop primary types)
=== Lienchiang County ===
/Users/kamil_dl/Documents/GitHub/nuvari-sales-map/tools/taiwan-bikeshop-crawler/.venv/lib/python3.9/site-packages/urllib3/__init__.py:35: NotOpenSSLWarning: urllib3 v2 only supports OpenSSL 1.1.1+, currently the 'ssl' module is compiled with 'LibreSSL 2.8.3'. See: https://github.com/urllib3/urllib3/issues/3020
  warnings.warn(
[1/4] 連江縣南竿鄉: crawling...
[2/4] 連江縣莒光鄉: crawling...
[3/4] 連江縣北竿鄉: crawling...
[4/4] 連江縣東引鄉: crawling...
API calls made this run: {'nearby_calls': 4, 'text_calls': 36, 'details_calls': 0}
Wrote 5 shops to /Users/kamil_dl/Documents/GitHub/nuvari-sales-map/tools/taiwan-bikeshop-crawler/output/Lienchiang_County.csv (136 filtered out as non-bikeshop primary types)
